build/app/intermediates/manifest_merge_blame_file/debug/manifest-merger-blame-debug-report.txt
1<?xml version="1.0" encoding="utf-8"?>
2<manifest xmlns:android="http://schemas.android.com/apk/res/android"
3    package="com.skycap.colibri"
4    android:versionCode="1"
5    android:versionName="1.0.0" >
6
7    <uses-sdk
8        android:minSdkVersion="18"
9        android:targetSdkVersion="29" />
10    <!--
11         Flutter needs it to communicate with the running application
12         to allow setting breakpoints, to provide hot reload, etc.
13    -->
14    <uses-permission android:name="android.permission.INTERNET" />
14-->src/main/AndroidManifest.xml:4:5-66
14-->src/main/AndroidManifest.xml:4:22-64
15    <uses-permission android:name="android.permission.CAMERA" />
15-->src/main/AndroidManifest.xml:5:5-64
15-->src/main/AndroidManifest.xml:5:22-62
16    <uses-permission android:name="android.permission.ACCESS_NETWORK_STATE" />
16-->src/main/AndroidManifest.xml:6:5-79
16-->src/main/AndroidManifest.xml:6:22-76
17    <uses-permission android:name="android.permission.READ_EXTERNAL_STORAGE" />
17-->src/main/AndroidManifest.xml:7:5-79
17-->src/main/AndroidManifest.xml:7:22-77
18    <uses-permission android:name="android.permission.WRITE_EXTERNAL_STORAGE" />
18-->src/main/AndroidManifest.xml:8:5-80
18-->src/main/AndroidManifest.xml:8:22-78
19    <uses-permission android:name="android.permission.VIBRATE" />
19-->[:vibration] AndroidManifest.xml:7:5-66
19-->[:vibration] AndroidManifest.xml:7:22-63
20    <uses-permission android:name="android.permission.ACCESS_MEDIA_LOCATION" />
20-->[:photo_manager] AndroidManifest.xml:9:5-80
20-->[:photo_manager] AndroidManifest.xml:9:22-77
21    <!--
22 io.flutter.app.FlutterApplication is an android.app.Application that
23         calls FlutterMain.startInitialization(this); in its onCreate method.
24         In most cases you can leave this as-is, but you if you want to provide
25         additional functionality it is fine to subclass or reimplement
26         FlutterApplication and put your custom class here.
27    -->
28    <application
28-->src/main/AndroidManifest.xml:14:5-73:19
29        android:name="io.flutter.app.FlutterApplication"
29-->src/main/AndroidManifest.xml:15:9-57
30        android:appComponentFactory="androidx.core.app.CoreComponentFactory"
30-->[androidx.core:core:1.2.0] AndroidManifest.xml:24:18-86
31        android:debuggable="true"
32        android:icon="@mipmap/ic_launcher"
32-->src/main/AndroidManifest.xml:17:9-43
33        android:label="@string/app_name"
33-->src/main/AndroidManifest.xml:16:9-41
34        android:supportsRtl="true" >
34-->[com.facebook.android:facebook-login:5.5.1] AndroidManifest.xml:28:18-44
35        <activity
35-->src/main/AndroidManifest.xml:18:9-48:20
36            android:name="com.skycap.colibri.MainActivity"
36-->src/main/AndroidManifest.xml:19:13-41
37            android:configChanges="orientation|keyboardHidden|keyboard|screenSize|smallestScreenSize|locale|layoutDirection|fontScale|screenLayout|density|uiMode"
37-->src/main/AndroidManifest.xml:24:13-163
38            android:hardwareAccelerated="true"
38-->src/main/AndroidManifest.xml:25:13-47
39            android:launchMode="singleTop"
39-->src/main/AndroidManifest.xml:20:13-43
40            android:requestLegacyExternalStorage="true"
40-->src/main/AndroidManifest.xml:23:13-56
41            android:screenOrientation="portrait"
41-->src/main/AndroidManifest.xml:21:13-49
42            android:theme="@style/LaunchTheme"
42-->src/main/AndroidManifest.xml:22:13-47
43            android:windowSoftInputMode="adjustResize" >
43-->src/main/AndroidManifest.xml:26:13-55
44
45            <!--
46                 Specifies an Android theme to apply to this Activity as soon as
47                 the Android process has started. This theme is visible to the user
48                 while the Flutter UI initializes. After that, this theme continues
49                 to determine the Window background behind the Flutter UI.
50            -->
51            <meta-data
51-->src/main/AndroidManifest.xml:31:13-34:17
52                android:name="io.flutter.embedding.android.NormalTheme"
52-->src/main/AndroidManifest.xml:32:15-70
53                android:resource="@style/NormalTheme" />
53-->src/main/AndroidManifest.xml:33:15-52
54            <!--
55                 Displays an Android View that continues showing the launch screen
56                 Drawable until Flutter paints its first frame, then this splash
57                 screen fades out. A splash screen is useful to avoid any visual
58                 gap between the end of Android's launch screen and the painting of
59                 Flutter's first frame.
60            -->
61            <meta-data
61-->src/main/AndroidManifest.xml:40:13-43:17
62                android:name="io.flutter.embedding.android.SplashScreenDrawable"
62-->src/main/AndroidManifest.xml:41:15-79
63                android:resource="@drawable/launch_background" />
63-->src/main/AndroidManifest.xml:42:15-61
64
65            <intent-filter>
65-->src/main/AndroidManifest.xml:44:13-47:29
66                <action android:name="android.intent.action.MAIN" />
66-->src/main/AndroidManifest.xml:45:17-68
66-->src/main/AndroidManifest.xml:45:25-66
67
68                <category android:name="android.intent.category.LAUNCHER" />
68-->src/main/AndroidManifest.xml:46:17-76
68-->src/main/AndroidManifest.xml:46:27-74
69            </intent-filter>
70        </activity>
71
72        <!--
73             Don't delete the meta-data below.
74             This is used by the Flutter tool to generate GeneratedPluginRegistrant.java
75        -->
76        <meta-data
76-->src/main/AndroidManifest.xml:52:9-54:33
77            android:name="flutterEmbedding"
77-->src/main/AndroidManifest.xml:53:13-44
78            android:value="2" />
78-->src/main/AndroidManifest.xml:54:13-30
79        <meta-data
79-->src/main/AndroidManifest.xml:55:9-56:54
80            android:name="com.facebook.sdk.ApplicationId"
80-->src/main/AndroidManifest.xml:55:20-65
81            android:value="@string/facebook_app_id" />
81-->src/main/AndroidManifest.xml:56:13-52
82
83        <activity
83-->src/main/AndroidManifest.xml:58:9-61:48
84            android:name="com.facebook.FacebookActivity"
84-->src/main/AndroidManifest.xml:58:19-63
85            android:configChanges="keyboard|keyboardHidden|screenLayout|screenSize|orientation"
85-->src/main/AndroidManifest.xml:59:13-113
86            android:label="@string/app_name"
86-->src/main/AndroidManifest.xml:61:13-45
87            android:theme="@style/com_facebook_activity_theme" />
87-->[com.facebook.android:facebook-common:5.5.1] AndroidManifest.xml:32:13-63
88        <activity
88-->src/main/AndroidManifest.xml:62:9-71:20
89            android:name="com.facebook.CustomTabActivity"
89-->src/main/AndroidManifest.xml:63:13-58
90            android:exported="true" >
90-->src/main/AndroidManifest.xml:64:13-36
91            <intent-filter>
91-->src/main/AndroidManifest.xml:65:13-70:29
92                <action android:name="android.intent.action.VIEW" />
92-->src/main/AndroidManifest.xml:66:17-69
92-->src/main/AndroidManifest.xml:66:25-66
93
94                <category android:name="android.intent.category.DEFAULT" />
94-->src/main/AndroidManifest.xml:67:17-76
94-->src/main/AndroidManifest.xml:67:27-73
95                <category android:name="android.intent.category.BROWSABLE" />
95-->src/main/AndroidManifest.xml:68:17-78
95-->src/main/AndroidManifest.xml:68:27-75
96
97                <data android:scheme="@string/fb_login_protocol_scheme" />
97-->src/main/AndroidManifest.xml:69:17-75
97-->src/main/AndroidManifest.xml:69:23-72
98            </intent-filter>
99        </activity>
100
101        <provider
101-->[:image_picker] AndroidManifest.xml:11:9-19:20
102            android:name="io.flutter.plugins.imagepicker.ImagePickerFileProvider"
102-->[:image_picker] AndroidManifest.xml:12:13-82
103            android:authorities="com.skycap.colibri.flutter.image_provider"
103-->[:image_picker] AndroidManifest.xml:13:13-74
104            android:exported="false"
104-->[:image_picker] AndroidManifest.xml:14:13-37
105            android:grantUriPermissions="true" >
105-->[:image_picker] AndroidManifest.xml:15:13-47
106            <meta-data
106-->[:image_picker] AndroidManifest.xml:16:13-18:75
107                android:name="android.support.FILE_PROVIDER_PATHS"
107-->[:image_picker] AndroidManifest.xml:17:17-67
108                android:resource="@xml/flutter_image_picker_file_paths" />
108-->[:image_picker] AndroidManifest.xml:18:17-72
109        </provider>
110
111        <activity
111-->[:flutter_inappwebview] AndroidManifest.xml:8:9-11:47
112            android:name="com.pichillilorenzo.flutter_inappwebview.InAppBrowser.InAppBrowserActivity"
112-->[:flutter_inappwebview] AndroidManifest.xml:9:13-102
113            android:configChanges="orientation|screenSize"
113-->[:flutter_inappwebview] AndroidManifest.xml:10:13-59
114            android:theme="@style/AppTheme" />
114-->[:flutter_inappwebview] AndroidManifest.xml:11:13-44
115        <activity
115-->[:flutter_inappwebview] AndroidManifest.xml:12:9-15:55
116            android:name="com.pichillilorenzo.flutter_inappwebview.ChromeCustomTabs.ChromeCustomTabsActivity"
116-->[:flutter_inappwebview] AndroidManifest.xml:13:13-110
117            android:configChanges="orientation|screenSize"
117-->[:flutter_inappwebview] AndroidManifest.xml:14:13-59
118            android:theme="@style/ThemeTransparent" />
118-->[:flutter_inappwebview] AndroidManifest.xml:15:13-52
119
120        <receiver android:name="com.pichillilorenzo.flutter_inappwebview.ChromeCustomTabs.ActionBroadcastReceiver" />
120-->[:flutter_inappwebview] AndroidManifest.xml:17:9-118
120-->[:flutter_inappwebview] AndroidManifest.xml:17:19-115
121
122        <activity
122-->[:url_launcher] AndroidManifest.xml:8:9-11:74
123            android:name="io.flutter.plugins.urllauncher.WebViewActivity"
123-->[:url_launcher] AndroidManifest.xml:9:13-74
124            android:exported="false"
124-->[:url_launcher] AndroidManifest.xml:10:13-37
125            android:theme="@android:style/Theme.NoTitleBar.Fullscreen" />
125-->[:url_launcher] AndroidManifest.xml:11:13-71
126
127        <provider
127-->[:flutter_webview_plugin] AndroidManifest.xml:9:9-18:20
128            android:name="androidx.core.content.FileProvider"
128-->[:flutter_webview_plugin] AndroidManifest.xml:10:13-62
129            android:authorities="com.skycap.colibri.fileprovider"
129-->[:flutter_webview_plugin] AndroidManifest.xml:11:13-64
130            android:exported="false"
130-->[:flutter_webview_plugin] AndroidManifest.xml:12:13-37
131            android:grantUriPermissions="true" >
131-->[:flutter_webview_plugin] AndroidManifest.xml:13:13-47
132            <meta-data
132-->[:image_picker] AndroidManifest.xml:16:13-18:75
133                android:name="android.support.FILE_PROVIDER_PATHS"
133-->[:image_picker] AndroidManifest.xml:17:17-67
134                android:resource="@xml/filepaths" />
134-->[:image_picker] AndroidManifest.xml:18:17-72
135        </provider>
136        <provider
136-->[androidx.lifecycle:lifecycle-process:2.2.0] AndroidManifest.xml:25:9-29:43
137            android:name="androidx.lifecycle.ProcessLifecycleOwnerInitializer"
137-->[androidx.lifecycle:lifecycle-process:2.2.0] AndroidManifest.xml:26:13-79
138            android:authorities="com.skycap.colibri.lifecycle-process"
138-->[androidx.lifecycle:lifecycle-process:2.2.0] AndroidManifest.xml:27:13-69
139            android:exported="false"
139-->[androidx.lifecycle:lifecycle-process:2.2.0] AndroidManifest.xml:28:13-37
140            android:multiprocess="true" />
140-->[androidx.lifecycle:lifecycle-process:2.2.0] AndroidManifest.xml:29:13-40
141
142        <activity android:name="com.facebook.CustomTabMainActivity" />
142-->[com.facebook.android:facebook-common:5.5.1] AndroidManifest.xml:33:9-71
142-->[com.facebook.android:facebook-common:5.5.1] AndroidManifest.xml:33:19-68
143        <activity
143-->[com.google.android.gms:play-services-auth:16.0.1] AndroidManifest.xml:23:9-27:75
144            android:name="com.google.android.gms.auth.api.signin.internal.SignInHubActivity"
144-->[com.google.android.gms:play-services-auth:16.0.1] AndroidManifest.xml:24:13-93
145            android:excludeFromRecents="true"
145-->[com.google.android.gms:play-services-auth:16.0.1] AndroidManifest.xml:25:13-46
146            android:exported="false"
146-->[com.google.android.gms:play-services-auth:16.0.1] AndroidManifest.xml:26:13-37
147            android:theme="@android:style/Theme.Translucent.NoTitleBar" />
147-->[com.google.android.gms:play-services-auth:16.0.1] AndroidManifest.xml:27:13-72
148        <!--
149            Service handling Google Sign-In user revocation. For apps that do not integrate with
150            Google Sign-In, this service will never be started.
151        -->
152        <service
152-->[com.google.android.gms:play-services-auth:16.0.1] AndroidManifest.xml:33:9-36:110
153            android:name="com.google.android.gms.auth.api.signin.RevocationBoundService"
153-->[com.google.android.gms:play-services-auth:16.0.1] AndroidManifest.xml:34:13-89
154            android:exported="true"
154-->[com.google.android.gms:play-services-auth:16.0.1] AndroidManifest.xml:35:13-36
155            android:permission="com.google.android.gms.auth.api.signin.permission.REVOCATION_NOTIFICATION" />
155-->[com.google.android.gms:play-services-auth:16.0.1] AndroidManifest.xml:36:13-107
156
157        <activity
157-->[com.google.android.gms:play-services-base:16.0.1] AndroidManifest.xml:23:9-26:75
158            android:name="com.google.android.gms.common.api.GoogleApiActivity"
158-->[com.google.android.gms:play-services-base:16.0.1] AndroidManifest.xml:24:13-79
159            android:exported="false"
159-->[com.google.android.gms:play-services-base:16.0.1] AndroidManifest.xml:25:13-37
160            android:theme="@android:style/Theme.Translucent.NoTitleBar" />
160-->[com.google.android.gms:play-services-base:16.0.1] AndroidManifest.xml:26:13-72
161
162        <meta-data
162-->[com.google.android.gms:play-services-basement:16.0.1] AndroidManifest.xml:23:9-25:69
163            android:name="com.google.android.gms.version"
163-->[com.google.android.gms:play-services-basement:16.0.1] AndroidManifest.xml:24:13-58
164            android:value="@integer/google_play_services_version" />
164-->[com.google.android.gms:play-services-basement:16.0.1] AndroidManifest.xml:25:13-66
165        <!--
166         The initialization ContentProvider will call FacebookSdk.sdkInitialize automatically
167         with the application context. This config is merged in with the host app's manifest,
168         but there can only be one provider with the same authority activated at any given
169         point; so if the end user has two or more different apps that use Facebook SDK, only the
170         first one will be able to use the provider. To work around this problem, we use the
171         following placeholder in the authority to identify each host application as if it was
172         a completely different provider.
173        -->
174        <provider
174-->[com.facebook.android:facebook-core:5.5.1] AndroidManifest.xml:39:9-42:40
175            android:name="com.facebook.internal.FacebookInitProvider"
175-->[com.facebook.android:facebook-core:5.5.1] AndroidManifest.xml:40:13-70
176            android:authorities="com.skycap.colibri.FacebookInitProvider"
176-->[com.facebook.android:facebook-core:5.5.1] AndroidManifest.xml:41:13-72
177            android:exported="false" />
177-->[com.facebook.android:facebook-core:5.5.1] AndroidManifest.xml:42:13-37
178
179        <receiver
179-->[com.facebook.android:facebook-core:5.5.1] AndroidManifest.xml:44:9-50:20
180            android:name="com.facebook.CurrentAccessTokenExpirationBroadcastReceiver"
180-->[com.facebook.android:facebook-core:5.5.1] AndroidManifest.xml:45:13-86
181            android:exported="false" >
181-->[com.facebook.android:facebook-core:5.5.1] AndroidManifest.xml:46:13-37
182            <intent-filter>
182-->[com.facebook.android:facebook-core:5.5.1] AndroidManifest.xml:47:13-49:29
183                <action android:name="com.facebook.sdk.ACTION_CURRENT_ACCESS_TOKEN_CHANGED" />
183-->[com.facebook.android:facebook-core:5.5.1] AndroidManifest.xml:48:17-95
183-->[com.facebook.android:facebook-core:5.5.1] AndroidManifest.xml:48:25-92
184            </intent-filter>
185        </receiver>
186        <receiver
186-->[com.facebook.android:facebook-core:5.5.1] AndroidManifest.xml:51:9-58:20
187            android:name="com.facebook.CampaignTrackingReceiver"
187-->[com.facebook.android:facebook-core:5.5.1] AndroidManifest.xml:52:13-65
188            android:exported="true"
188-->[com.facebook.android:facebook-core:5.5.1] AndroidManifest.xml:53:13-36
189            android:permission="android.permission.INSTALL_PACKAGES" >
189-->[com.facebook.android:facebook-core:5.5.1] AndroidManifest.xml:54:13-69
190            <intent-filter>
190-->[com.facebook.android:facebook-core:5.5.1] AndroidManifest.xml:55:13-57:29
191                <action android:name="com.android.vending.INSTALL_REFERRER" />
191-->[com.facebook.android:facebook-core:5.5.1] AndroidManifest.xml:56:17-79
191-->[com.facebook.android:facebook-core:5.5.1] AndroidManifest.xml:56:25-76
192            </intent-filter>
193        </receiver>
194    </application>
195
196</manifest>